{"/home/osama/workspace/case-study-architecture/src/typeormconfig.ts": {"path":"/home/osama/workspace/case-study-architecture/src/typeormconfig.ts","statementMap":{"0":{"start":{"line":3,"column":0},"end":{"line":3,"column":37}},"1":{"start":{"line":4,"column":0},"end":{"line":4,"column":39}},"2":{"start":{"line":6,"column":36},"end":{"line":6,"column":40}},"3":{"start":{"line":8,"column":29},"end":{"line":20,"column":1}},"4":{"start":{"line":9,"column":4},"end":{"line":17,"column":null}},"5":{"start":{"line":10,"column":8},"end":{"line":16,"column":11}},"6":{"start":{"line":19,"column":4},"end":{"line":19,"column":22}},"7":{"start":{"line":8,"column":13},"end":{"line":8,"column":29}}},"fnMap":{"0":{"name":"(anonymous_6)","decl":{"start":{"line":8,"column":29},"end":{"line":8,"column":32}},"loc":{"start":{"line":8,"column":34},"end":{"line":20,"column":1}}}},"branchMap":{"0":{"loc":{"start":{"line":9,"column":4},"end":{"line":17,"column":null}},"type":"if","locations":[{"start":{"line":9,"column":4},"end":{"line":17,"column":null}}]}},"s":{"0":1,"1":1,"2":1,"3":1,"4":16,"5":1,"6":16,"7":1},"f":{"0":16},"b":{"0":[1]}}
,"/home/osama/workspace/case-study-architecture/src/controllers/user-controller.ts": {"path":"/home/osama/workspace/case-study-architecture/src/controllers/user-controller.ts","statementMap":{"0":{"start":{"line":3,"column":0},"end":{"line":3,"column":95}},"1":{"start":{"line":4,"column":0},"end":{"line":4,"column":74}},"2":{"start":{"line":5,"column":0},"end":{"line":5,"column":35}},"3":{"start":{"line":6,"column":0},"end":{"line":6,"column":null}},"4":{"start":{"line":16,"column":0},"end":{"line":16,"column":47}},"5":{"start":{"line":17,"column":0},"end":{"line":17,"column":57}},"6":{"start":{"line":20,"column":0},"end":{"line":20,"column":76}},"7":{"start":{"line":26,"column":8},"end":{"line":26,"column":null}},"8":{"start":{"line":35,"column":8},"end":{"line":35,"column":null}},"9":{"start":{"line":40,"column":8},"end":{"line":40,"column":null}},"10":{"start":{"line":45,"column":8},"end":{"line":45,"column":null}},"11":{"start":{"line":22,"column":0},"end":{"line":22,"column":13}},"12":{"start":{"line":52,"column":8},"end":{"line":52,"column":null}},"13":{"start":{"line":57,"column":8},"end":{"line":57,"column":null}},"14":{"start":{"line":48,"column":0},"end":{"line":48,"column":13}},"15":{"start":{"line":64,"column":8},"end":{"line":64,"column":null}},"16":{"start":{"line":69,"column":8},"end":{"line":69,"column":null}},"17":{"start":{"line":60,"column":0},"end":{"line":60,"column":13}},"18":{"start":{"line":74,"column":8},"end":{"line":74,"column":null}},"19":{"start":{"line":76,"column":8},"end":{"line":76,"column":null}},"20":{"start":{"line":78,"column":8},"end":{"line":78,"column":null}},"21":{"start":{"line":72,"column":0},"end":{"line":72,"column":13}},"22":{"start":{"line":83,"column":8},"end":{"line":83,"column":null}},"23":{"start":{"line":81,"column":0},"end":{"line":81,"column":13}},"24":{"start":{"line":86,"column":0},"end":{"line":139,"column":null}},"25":{"start":{"line":91,"column":8},"end":{"line":91,"column":16}},"26":{"start":{"line":89,"column":43},"end":{"line":89,"column":67}},"27":{"start":{"line":97,"column":25},"end":{"line":97,"column":124}},"28":{"start":{"line":98,"column":23},"end":{"line":98,"column":47}},"29":{"start":{"line":99,"column":8},"end":{"line":101,"column":null}},"30":{"start":{"line":100,"column":12},"end":{"line":100,"column":53}},"31":{"start":{"line":103,"column":8},"end":{"line":103,"column":51}},"32":{"start":{"line":109,"column":26},"end":{"line":109,"column":57}},"33":{"start":{"line":110,"column":23},"end":{"line":110,"column":48}},"34":{"start":{"line":111,"column":8},"end":{"line":113,"column":null}},"35":{"start":{"line":112,"column":12},"end":{"line":112,"column":53}},"36":{"start":{"line":115,"column":22},"end":{"line":115,"column":94}},"37":{"start":{"line":117,"column":8},"end":{"line":117,"column":25}},"38":{"start":{"line":124,"column":8},"end":{"line":124,"column":62}},"39":{"start":{"line":131,"column":25},"end":{"line":131,"column":126}},"40":{"start":{"line":132,"column":23},"end":{"line":132,"column":47}},"41":{"start":{"line":133,"column":8},"end":{"line":135,"column":null}},"42":{"start":{"line":134,"column":12},"end":{"line":134,"column":53}},"43":{"start":{"line":137,"column":8},"end":{"line":137,"column":null}},"44":{"start":{"line":96,"column":10},"end":{"line":104,"column":null}},"45":{"start":{"line":108,"column":10},"end":{"line":118,"column":null}},"46":{"start":{"line":123,"column":10},"end":{"line":125,"column":null}},"47":{"start":{"line":130,"column":10},"end":{"line":138,"column":null}},"48":{"start":{"line":87,"column":13},"end":{"line":139,"column":null}},"49":{"start":{"line":87,"column":13},"end":{"line":87,"column":27}}},"fnMap":{"0":{"name":"(anonymous_4)","decl":{"start":{"line":88,"column":4},"end":{"line":88,"column":null}},"loc":{"start":{"line":89,"column":67},"end":{"line":92,"column":5}}},"1":{"name":"(anonymous_5)","decl":{"start":{"line":96,"column":4},"end":{"line":96,"column":9}},"loc":{"start":{"line":96,"column":47},"end":{"line":104,"column":5}}},"2":{"name":"(anonymous_6)","decl":{"start":{"line":108,"column":4},"end":{"line":108,"column":9}},"loc":{"start":{"line":108,"column":51},"end":{"line":118,"column":5}}},"3":{"name":"(anonymous_7)","decl":{"start":{"line":123,"column":4},"end":{"line":123,"column":9}},"loc":{"start":{"line":123,"column":76},"end":{"line":125,"column":5}}},"4":{"name":"(anonymous_8)","decl":{"start":{"line":130,"column":4},"end":{"line":130,"column":9}},"loc":{"start":{"line":130,"column":79},"end":{"line":138,"column":5}}}},"branchMap":{"0":{"loc":{"start":{"line":99,"column":8},"end":{"line":101,"column":null}},"type":"if","locations":[{"start":{"line":99,"column":8},"end":{"line":101,"column":null}}]},"1":{"loc":{"start":{"line":111,"column":8},"end":{"line":113,"column":null}},"type":"if","locations":[{"start":{"line":111,"column":8},"end":{"line":113,"column":null}}]},"2":{"loc":{"start":{"line":133,"column":8},"end":{"line":135,"column":null}},"type":"if","locations":[{"start":{"line":133,"column":8},"end":{"line":135,"column":null}}]}},"s":{"0":1,"1":1,"2":1,"3":1,"4":1,"5":1,"6":1,"7":1,"8":1,"9":1,"10":1,"11":1,"12":1,"13":1,"14":1,"15":1,"16":1,"17":1,"18":1,"19":1,"20":1,"21":1,"22":1,"23":1,"24":1,"25":23,"26":23,"27":11,"28":11,"29":11,"30":3,"31":8,"32":7,"33":7,"34":7,"35":2,"36":5,"37":5,"38":1,"39":3,"40":3,"41":3,"42":2,"43":1,"44":1,"45":1,"46":1,"47":1,"48":1,"49":1},"f":{"0":23,"1":11,"2":7,"3":1,"4":3},"b":{"0":[3],"1":[2],"2":[2]}}
,"/home/osama/workspace/case-study-architecture/src/decorators/map-dto-decorator.ts": {"path":"/home/osama/workspace/case-study-architecture/src/decorators/map-dto-decorator.ts","statementMap":{"0":{"start":{"line":1,"column":0},"end":{"line":1,"column":52}},"1":{"start":{"line":4,"column":66},"end":{"line":17,"column":5}},"2":{"start":{"line":5,"column":4},"end":{"line":17,"column":5}},"3":{"start":{"line":6,"column":27},"end":{"line":6,"column":70}},"4":{"start":{"line":8,"column":26},"end":{"line":14,"column":10}},"5":{"start":{"line":10,"column":31},"end":{"line":10,"column":84}},"6":{"start":{"line":12,"column":16},"end":{"line":12,"column":124}},"7":{"start":{"line":16,"column":9},"end":{"line":16,"column":63}},"8":{"start":{"line":4,"column":13},"end":{"line":4,"column":66}}},"fnMap":{"0":{"name":"(anonymous_0)","decl":{"start":{"line":4,"column":66},"end":{"line":4,"column":67}},"loc":{"start":{"line":5,"column":4},"end":{"line":17,"column":5}}},"1":{"name":"(anonymous_1)","decl":{"start":{"line":5,"column":4},"end":{"line":5,"column":5}},"loc":{"start":{"line":5,"column":39},"end":{"line":17,"column":5}}},"2":{"name":"(anonymous_2)","decl":{"start":{"line":9,"column":12},"end":{"line":9,"column":17}},"loc":{"start":{"line":9,"column":50},"end":{"line":13,"column":13}}}},"branchMap":{},"s":{"0":1,"1":1,"2":4,"3":4,"4":4,"5":22,"6":14,"7":4,"8":1},"f":{"0":4,"1":4,"2":22},"b":{}}
,"/home/osama/workspace/case-study-architecture/src/entities/base-entity.ts": {"path":"/home/osama/workspace/case-study-architecture/src/entities/base-entity.ts","statementMap":{"0":{"start":{"line":1,"column":0},"end":{"line":1,"column":49}},"1":{"start":{"line":5,"column":8},"end":{"line":5,"column":null}},"2":{"start":{"line":3,"column":0},"end":{"line":3,"column":13}}},"fnMap":{},"branchMap":{},"s":{"0":2,"1":2,"2":2},"f":{},"b":{}}
,"/home/osama/workspace/case-study-architecture/src/entities/created-at-mixin.ts": {"path":"/home/osama/workspace/case-study-architecture/src/entities/created-at-mixin.ts","statementMap":{"0":{"start":{"line":5,"column":0},"end":{"line":5,"column":43}},"1":{"start":{"line":11,"column":12},"end":{"line":11,"column":null}},"2":{"start":{"line":14,"column":4},"end":{"line":14,"column":20}},"3":{"start":{"line":8,"column":0},"end":{"line":8,"column":16}}},"fnMap":{"0":{"name":"CreatedAtMixin","decl":{"start":{"line":8,"column":16},"end":{"line":8,"column":30}},"loc":{"start":{"line":8,"column":74},"end":{"line":15,"column":1}}}},"branchMap":{},"s":{"0":3,"1":3,"2":3,"3":3},"f":{"0":3},"b":{}}
,"/home/osama/workspace/case-study-architecture/src/entities/index.ts": {"path":"/home/osama/workspace/case-study-architecture/src/entities/index.ts","statementMap":{"0":{"start":{"line":1,"column":0},"end":{"line":1,"column":23}}},"fnMap":{},"branchMap":{},"s":{"0":1},"f":{},"b":{}}
,"/home/osama/workspace/case-study-architecture/src/entities/timestamps-mixin.ts": {"path":"/home/osama/workspace/case-study-architecture/src/entities/timestamps-mixin.ts","statementMap":{"0":{"start":{"line":5,"column":0},"end":{"line":5,"column":52}},"1":{"start":{"line":6,"column":0},"end":{"line":6,"column":52}},"2":{"start":{"line":12,"column":4},"end":{"line":12,"column":20}},"3":{"start":{"line":8,"column":0},"end":{"line":8,"column":16}}},"fnMap":{"0":{"name":"TimestampsMixin","decl":{"start":{"line":8,"column":16},"end":{"line":8,"column":31}},"loc":{"start":{"line":8,"column":75},"end":{"line":13,"column":1}}}},"branchMap":{},"s":{"0":2,"1":2,"2":2,"3":2},"f":{"0":2},"b":{}}
,"/home/osama/workspace/case-study-architecture/src/entities/updated-at-mixin.ts": {"path":"/home/osama/workspace/case-study-architecture/src/entities/updated-at-mixin.ts","statementMap":{"0":{"start":{"line":5,"column":0},"end":{"line":5,"column":43}},"1":{"start":{"line":10,"column":12},"end":{"line":10,"column":null}},"2":{"start":{"line":13,"column":4},"end":{"line":13,"column":20}},"3":{"start":{"line":7,"column":0},"end":{"line":7,"column":16}}},"fnMap":{"0":{"name":"UpdatedAtMixin","decl":{"start":{"line":7,"column":16},"end":{"line":7,"column":30}},"loc":{"start":{"line":7,"column":74},"end":{"line":14,"column":1}}}},"branchMap":{},"s":{"0":3,"1":3,"2":3,"3":3},"f":{"0":3},"b":{}}
,"/home/osama/workspace/case-study-architecture/src/entities/user.ts": {"path":"/home/osama/workspace/case-study-architecture/src/entities/user.ts","statementMap":{"0":{"start":{"line":1,"column":0},"end":{"line":1,"column":76}},"1":{"start":{"line":3,"column":0},"end":{"line":3,"column":53}},"2":{"start":{"line":4,"column":0},"end":{"line":4,"column":43}},"3":{"start":{"line":9,"column":0},"end":{"line":30,"column":null}},"4":{"start":{"line":27,"column":8},"end":{"line":27,"column":46}},"5":{"start":{"line":12,"column":8},"end":{"line":12,"column":null}},"6":{"start":{"line":15,"column":8},"end":{"line":15,"column":null}},"7":{"start":{"line":18,"column":8},"end":{"line":18,"column":null}},"8":{"start":{"line":21,"column":8},"end":{"line":21,"column":null}},"9":{"start":{"line":26,"column":4},"end":{"line":28,"column":null}},"10":{"start":{"line":9,"column":13},"end":{"line":30,"column":null}},"11":{"start":{"line":9,"column":13},"end":{"line":9,"column":17}}},"fnMap":{"0":{"name":"(anonymous_2)","decl":{"start":{"line":26,"column":4},"end":{"line":26,"column":20}},"loc":{"start":{"line":26,"column":20},"end":{"line":28,"column":5}}}},"branchMap":{},"s":{"0":2,"1":2,"2":2,"3":2,"4":12,"5":2,"6":2,"7":2,"8":2,"9":2,"10":2,"11":2},"f":{"0":12},"b":{}}
,"/home/osama/workspace/case-study-architecture/src/errors/base-error.ts": {"path":"/home/osama/workspace/case-study-architecture/src/errors/base-error.ts","statementMap":{"0":{"start":{"line":5,"column":8},"end":{"line":5,"column":23}},"1":{"start":{"line":7,"column":8},"end":{"line":7,"column":32}},"2":{"start":{"line":3,"column":0},"end":{"line":3,"column":13}},"3":{"start":{"line":12,"column":4},"end":{"line":12,"column":62}},"4":{"start":{"line":12,"column":38},"end":{"line":12,"column":62}},"5":{"start":{"line":11,"column":13},"end":{"line":11,"column":null}},"6":{"start":{"line":14,"column":32},"end":{"line":25,"column":1}},"7":{"start":{"line":15,"column":4},"end":{"line":18,"column":null}},"8":{"start":{"line":16,"column":8},"end":{"line":16,"column":18}},"9":{"start":{"line":17,"column":8},"end":{"line":17,"column":15}},"10":{"start":{"line":20,"column":4},"end":{"line":22,"column":null}},"11":{"start":{"line":24,"column":4},"end":{"line":24,"column":14}},"12":{"start":{"line":14,"column":13},"end":{"line":14,"column":32}}},"fnMap":{"0":{"name":"(anonymous_0)","decl":{"start":{"line":4,"column":4},"end":{"line":4,"column":16}},"loc":{"start":{"line":4,"column":49},"end":{"line":8,"column":5}}},"1":{"name":"(anonymous_1)","decl":{"start":{"line":12,"column":4},"end":{"line":12,"column":5}},"loc":{"start":{"line":12,"column":38},"end":{"line":12,"column":62}}},"2":{"name":"(anonymous_2)","decl":{"start":{"line":14,"column":32},"end":{"line":14,"column":33}},"loc":{"start":{"line":14,"column":97},"end":{"line":25,"column":1}}}},"branchMap":{"0":{"loc":{"start":{"line":4,"column":16},"end":{"line":4,"column":49}},"type":"default-arg","locations":[{"start":{"line":4,"column":26},"end":{"line":4,"column":49}}]},"1":{"loc":{"start":{"line":15,"column":4},"end":{"line":18,"column":null}},"type":"if","locations":[{"start":{"line":15,"column":4},"end":{"line":18,"column":null}}]},"2":{"loc":{"start":{"line":15,"column":8},"end":{"line":15,"column":44}},"type":"binary-expr","locations":[{"start":{"line":15,"column":8},"end":{"line":15,"column":25}},{"start":{"line":15,"column":29},"end":{"line":15,"column":44}}]}},"s":{"0":13,"1":13,"2":2,"3":2,"4":8,"5":2,"6":2,"7":8,"8":8,"9":8,"10":0,"11":0,"12":2},"f":{"0":13,"1":8,"2":8},"b":{"0":[0],"1":[8],"2":[8,0]}}
,"/home/osama/workspace/case-study-architecture/src/errors/client-error.ts": {"path":"/home/osama/workspace/case-study-architecture/src/errors/client-error.ts","statementMap":{"0":{"start":{"line":2,"column":0},"end":{"line":2,"column":41}},"1":{"start":{"line":6,"column":8},"end":{"line":6,"column":23}},"2":{"start":{"line":8,"column":8},"end":{"line":8,"column":34}},"3":{"start":{"line":4,"column":0},"end":{"line":4,"column":13}},"4":{"start":{"line":13,"column":4},"end":{"line":13,"column":66}},"5":{"start":{"line":13,"column":40},"end":{"line":13,"column":66}},"6":{"start":{"line":12,"column":13},"end":{"line":12,"column":null}},"7":{"start":{"line":15,"column":34},"end":{"line":26,"column":1}},"8":{"start":{"line":16,"column":4},"end":{"line":19,"column":null}},"9":{"start":{"line":17,"column":8},"end":{"line":17,"column":18}},"10":{"start":{"line":18,"column":8},"end":{"line":18,"column":15}},"11":{"start":{"line":21,"column":4},"end":{"line":23,"column":null}},"12":{"start":{"line":25,"column":4},"end":{"line":25,"column":14}},"13":{"start":{"line":15,"column":13},"end":{"line":15,"column":34}}},"fnMap":{"0":{"name":"(anonymous_0)","decl":{"start":{"line":5,"column":4},"end":{"line":5,"column":16}},"loc":{"start":{"line":5,"column":39},"end":{"line":9,"column":5}}},"1":{"name":"(anonymous_1)","decl":{"start":{"line":13,"column":4},"end":{"line":13,"column":5}},"loc":{"start":{"line":13,"column":40},"end":{"line":13,"column":66}}},"2":{"name":"(anonymous_2)","decl":{"start":{"line":15,"column":34},"end":{"line":15,"column":35}},"loc":{"start":{"line":15,"column":99},"end":{"line":26,"column":1}}}},"branchMap":{"0":{"loc":{"start":{"line":5,"column":16},"end":{"line":5,"column":39}},"type":"default-arg","locations":[{"start":{"line":5,"column":26},"end":{"line":5,"column":39}}]},"1":{"loc":{"start":{"line":16,"column":4},"end":{"line":19,"column":null}},"type":"if","locations":[{"start":{"line":16,"column":4},"end":{"line":19,"column":null}}]},"2":{"loc":{"start":{"line":16,"column":8},"end":{"line":16,"column":46}},"type":"binary-expr","locations":[{"start":{"line":16,"column":8},"end":{"line":16,"column":27}},{"start":{"line":16,"column":31},"end":{"line":16,"column":46}}]}},"s":{"0":2,"1":13,"2":13,"3":2,"4":2,"5":8,"6":2,"7":2,"8":8,"9":7,"10":7,"11":1,"12":1,"13":2},"f":{"0":13,"1":8,"2":8},"b":{"0":[0],"1":[7],"2":[8,1]}}
,"/home/osama/workspace/case-study-architecture/src/errors/index.ts": {"path":"/home/osama/workspace/case-study-architecture/src/errors/index.ts","statementMap":{"0":{"start":{"line":1,"column":0},"end":{"line":1,"column":29}},"1":{"start":{"line":2,"column":0},"end":{"line":2,"column":31}},"2":{"start":{"line":3,"column":0},"end":{"line":3,"column":34}},"3":{"start":{"line":4,"column":0},"end":{"line":4,"column":37}},"4":{"start":{"line":5,"column":0},"end":{"line":5,"column":43}},"5":{"start":{"line":7,"column":0},"end":{"line":7,"column":48}},"6":{"start":{"line":8,"column":0},"end":{"line":8,"column":52}},"7":{"start":{"line":9,"column":0},"end":{"line":9,"column":59}},"8":{"start":{"line":10,"column":0},"end":{"line":10,"column":64}},"9":{"start":{"line":11,"column":0},"end":{"line":11,"column":70}},"10":{"start":{"line":14,"column":13},"end":{"line":20,"column":2}}},"fnMap":{},"branchMap":{},"s":{"0":2,"1":2,"2":2,"3":2,"4":2,"5":2,"6":2,"7":2,"8":2,"9":2,"10":2},"f":{},"b":{}}
,"/home/osama/workspace/case-study-architecture/src/errors/not-found-error.ts": {"path":"/home/osama/workspace/case-study-architecture/src/errors/not-found-error.ts","statementMap":{"0":{"start":{"line":3,"column":0},"end":{"line":3,"column":45}},"1":{"start":{"line":7,"column":8},"end":{"line":7,"column":23}},"2":{"start":{"line":9,"column":8},"end":{"line":9,"column":36}},"3":{"start":{"line":5,"column":0},"end":{"line":5,"column":13}},"4":{"start":{"line":14,"column":4},"end":{"line":14,"column":71}},"5":{"start":{"line":14,"column":42},"end":{"line":14,"column":71}},"6":{"start":{"line":13,"column":13},"end":{"line":13,"column":null}},"7":{"start":{"line":16,"column":38},"end":{"line":27,"column":1}},"8":{"start":{"line":17,"column":4},"end":{"line":20,"column":null}},"9":{"start":{"line":18,"column":8},"end":{"line":18,"column":18}},"10":{"start":{"line":19,"column":8},"end":{"line":19,"column":15}},"11":{"start":{"line":22,"column":4},"end":{"line":24,"column":7}},"12":{"start":{"line":26,"column":4},"end":{"line":26,"column":14}},"13":{"start":{"line":16,"column":13},"end":{"line":16,"column":38}}},"fnMap":{"0":{"name":"(anonymous_0)","decl":{"start":{"line":6,"column":4},"end":{"line":6,"column":16}},"loc":{"start":{"line":6,"column":37},"end":{"line":10,"column":5}}},"1":{"name":"(anonymous_1)","decl":{"start":{"line":14,"column":4},"end":{"line":14,"column":5}},"loc":{"start":{"line":14,"column":42},"end":{"line":14,"column":71}}},"2":{"name":"(anonymous_2)","decl":{"start":{"line":16,"column":38},"end":{"line":16,"column":39}},"loc":{"start":{"line":16,"column":103},"end":{"line":27,"column":1}}}},"branchMap":{"0":{"loc":{"start":{"line":6,"column":16},"end":{"line":6,"column":37}},"type":"default-arg","locations":[{"start":{"line":6,"column":26},"end":{"line":6,"column":37}}]},"1":{"loc":{"start":{"line":14,"column":42},"end":{"line":14,"column":51}},"type":"cond-expr","locations":[{"start":{"line":14,"column":45},"end":{"line":14,"column":47}},{"start":{"line":14,"column":42},"end":{"line":14,"column":51}}]},"2":{"loc":{"start":{"line":14,"column":42},"end":{"line":14,"column":47}},"type":"binary-expr","locations":[{"start":{"line":14,"column":42},"end":{"line":14,"column":47}},{"start":{"line":14,"column":42},"end":{"line":14,"column":47}}]},"3":{"loc":{"start":{"line":17,"column":4},"end":{"line":20,"column":null}},"type":"if","locations":[{"start":{"line":17,"column":4},"end":{"line":20,"column":null}}]},"4":{"loc":{"start":{"line":17,"column":8},"end":{"line":17,"column":48}},"type":"binary-expr","locations":[{"start":{"line":17,"column":8},"end":{"line":17,"column":29}},{"start":{"line":17,"column":33},"end":{"line":17,"column":48}}]}},"s":{"0":2,"1":2,"2":2,"3":2,"4":2,"5":8,"6":2,"7":2,"8":8,"9":8,"10":8,"11":0,"12":0,"13":2},"f":{"0":2,"1":8,"2":8},"b":{"0":[0],"1":[0,8],"2":[8,8],"3":[8],"4":[8,0]}}
,"/home/osama/workspace/case-study-architecture/src/errors/unauthorized-error.ts": {"path":"/home/osama/workspace/case-study-architecture/src/errors/unauthorized-error.ts","statementMap":{"0":{"start":{"line":3,"column":0},"end":{"line":3,"column":45}},"1":{"start":{"line":7,"column":8},"end":{"line":7,"column":23}},"2":{"start":{"line":9,"column":8},"end":{"line":9,"column":40}},"3":{"start":{"line":5,"column":0},"end":{"line":5,"column":13}},"4":{"start":{"line":14,"column":4},"end":{"line":14,"column":78}},"5":{"start":{"line":14,"column":46},"end":{"line":14,"column":78}},"6":{"start":{"line":13,"column":13},"end":{"line":13,"column":null}},"7":{"start":{"line":16,"column":40},"end":{"line":27,"column":1}},"8":{"start":{"line":17,"column":4},"end":{"line":20,"column":null}},"9":{"start":{"line":18,"column":8},"end":{"line":18,"column":18}},"10":{"start":{"line":19,"column":8},"end":{"line":19,"column":15}},"11":{"start":{"line":22,"column":4},"end":{"line":24,"column":7}},"12":{"start":{"line":26,"column":4},"end":{"line":26,"column":14}},"13":{"start":{"line":16,"column":13},"end":{"line":16,"column":40}}},"fnMap":{"0":{"name":"(anonymous_0)","decl":{"start":{"line":6,"column":4},"end":{"line":6,"column":16}},"loc":{"start":{"line":6,"column":40},"end":{"line":10,"column":5}}},"1":{"name":"(anonymous_1)","decl":{"start":{"line":14,"column":4},"end":{"line":14,"column":5}},"loc":{"start":{"line":14,"column":46},"end":{"line":14,"column":78}}},"2":{"name":"(anonymous_2)","decl":{"start":{"line":16,"column":40},"end":{"line":16,"column":41}},"loc":{"start":{"line":16,"column":105},"end":{"line":27,"column":1}}}},"branchMap":{"0":{"loc":{"start":{"line":6,"column":16},"end":{"line":6,"column":40}},"type":"default-arg","locations":[{"start":{"line":6,"column":26},"end":{"line":6,"column":40}}]},"1":{"loc":{"start":{"line":17,"column":4},"end":{"line":20,"column":null}},"type":"if","locations":[{"start":{"line":17,"column":4},"end":{"line":20,"column":null}}]},"2":{"loc":{"start":{"line":17,"column":8},"end":{"line":17,"column":52}},"type":"binary-expr","locations":[{"start":{"line":17,"column":8},"end":{"line":17,"column":33}},{"start":{"line":17,"column":37},"end":{"line":17,"column":52}}]}},"s":{"0":2,"1":0,"2":0,"3":2,"4":2,"5":8,"6":2,"7":2,"8":8,"9":8,"10":8,"11":0,"12":0,"13":2},"f":{"0":0,"1":8,"2":8},"b":{"0":[0],"1":[8],"2":[8,0]}}
,"/home/osama/workspace/case-study-architecture/src/errors/validation-failure-error.ts": {"path":"/home/osama/workspace/case-study-architecture/src/errors/validation-failure-error.ts","statementMap":{"0":{"start":{"line":4,"column":0},"end":{"line":4,"column":45}},"1":{"start":{"line":8,"column":8},"end":{"line":8,"column":35}},"2":{"start":{"line":7,"column":32},"end":{"line":7,"column":57}},"3":{"start":{"line":10,"column":8},"end":{"line":10,"column":45}},"4":{"start":{"line":6,"column":0},"end":{"line":6,"column":13}},"5":{"start":{"line":15,"column":4},"end":{"line":15,"column":89}},"6":{"start":{"line":15,"column":51},"end":{"line":15,"column":89}},"7":{"start":{"line":14,"column":13},"end":{"line":14,"column":null}},"8":{"start":{"line":17,"column":40},"end":{"line":38,"column":1}},"9":{"start":{"line":18,"column":4},"end":{"line":21,"column":null}},"10":{"start":{"line":19,"column":8},"end":{"line":19,"column":18}},"11":{"start":{"line":20,"column":8},"end":{"line":20,"column":15}},"12":{"start":{"line":23,"column":45},"end":{"line":23,"column":47}},"13":{"start":{"line":25,"column":4},"end":{"line":30,"column":null}},"14":{"start":{"line":26,"column":8},"end":{"line":26,"column":38}},"15":{"start":{"line":27,"column":8},"end":{"line":29,"column":null}},"16":{"start":{"line":28,"column":12},"end":{"line":28,"column":59}},"17":{"start":{"line":32,"column":4},"end":{"line":35,"column":7}},"18":{"start":{"line":37,"column":4},"end":{"line":37,"column":14}},"19":{"start":{"line":17,"column":13},"end":{"line":17,"column":40}}},"fnMap":{"0":{"name":"(anonymous_0)","decl":{"start":{"line":7,"column":4},"end":{"line":7,"column":32}},"loc":{"start":{"line":7,"column":57},"end":{"line":11,"column":5}}},"1":{"name":"(anonymous_1)","decl":{"start":{"line":15,"column":4},"end":{"line":15,"column":5}},"loc":{"start":{"line":15,"column":51},"end":{"line":15,"column":89}}},"2":{"name":"(anonymous_2)","decl":{"start":{"line":17,"column":40},"end":{"line":17,"column":41}},"loc":{"start":{"line":17,"column":105},"end":{"line":38,"column":1}}}},"branchMap":{"0":{"loc":{"start":{"line":15,"column":51},"end":{"line":15,"column":60}},"type":"cond-expr","locations":[{"start":{"line":15,"column":54},"end":{"line":15,"column":56}},{"start":{"line":15,"column":51},"end":{"line":15,"column":60}}]},"1":{"loc":{"start":{"line":15,"column":51},"end":{"line":15,"column":56}},"type":"binary-expr","locations":[{"start":{"line":15,"column":51},"end":{"line":15,"column":56}},{"start":{"line":15,"column":51},"end":{"line":15,"column":56}}]},"2":{"loc":{"start":{"line":18,"column":4},"end":{"line":21,"column":null}},"type":"if","locations":[{"start":{"line":18,"column":4},"end":{"line":21,"column":null}}]},"3":{"loc":{"start":{"line":18,"column":8},"end":{"line":18,"column":57}},"type":"binary-expr","locations":[{"start":{"line":18,"column":8},"end":{"line":18,"column":38}},{"start":{"line":18,"column":42},"end":{"line":18,"column":57}}]},"4":{"loc":{"start":{"line":26,"column":8},"end":{"line":26,"column":38}},"type":"cond-expr","locations":[{"start":{"line":26,"column":29},"end":{"line":26,"column":35}},{"start":{"line":26,"column":8},"end":{"line":26,"column":37}}]},"5":{"loc":{"start":{"line":26,"column":8},"end":{"line":26,"column":35}},"type":"binary-expr","locations":[{"start":{"line":26,"column":8},"end":{"line":26,"column":35}},{"start":{"line":26,"column":29},"end":{"line":26,"column":35}}]},"6":{"loc":{"start":{"line":27,"column":54},"end":{"line":27,"column":77}},"type":"cond-expr","locations":[{"start":{"line":27,"column":71},"end":{"line":27,"column":75}},{"start":{"line":27,"column":75},"end":{"line":27,"column":77}}]},"7":{"loc":{"start":{"line":27,"column":54},"end":{"line":27,"column":75}},"type":"binary-expr","locations":[{"start":{"line":27,"column":54},"end":{"line":27,"column":75}},{"start":{"line":27,"column":71},"end":{"line":27,"column":75}}]}},"s":{"0":2,"1":7,"2":7,"3":7,"4":2,"5":2,"6":8,"7":2,"8":2,"9":8,"10":1,"11":1,"12":7,"13":7,"14":8,"15":8,"16":8,"17":7,"18":7,"19":2},"f":{"0":7,"1":8,"2":8},"b":{"0":[0,8],"1":[8,8],"2":[1],"3":[8,7],"4":[0,8],"5":[8,8],"6":[8,0],"7":[8,8]}}
,"/home/osama/workspace/case-study-architecture/src/lib/base-controller.ts": {"path":"/home/osama/workspace/case-study-architecture/src/lib/base-controller.ts","statementMap":{"0":{"start":{"line":1,"column":0},"end":{"line":1,"column":null}},"1":{"start":{"line":8,"column":0},"end":{"line":16,"column":null}},"2":{"start":{"line":14,"column":8},"end":{"line":14,"column":72}},"3":{"start":{"line":11,"column":17},"end":{"line":15,"column":null}},"4":{"start":{"line":8,"column":22},"end":{"line":16,"column":null}},"5":{"start":{"line":8,"column":22},"end":{"line":8,"column":36}}},"fnMap":{"0":{"name":"(anonymous_2)","decl":{"start":{"line":11,"column":11},"end":{"line":11,"column":16}},"loc":{"start":{"line":11,"column":28},"end":{"line":15,"column":5}}}},"branchMap":{},"s":{"0":2,"1":2,"2":0,"3":2,"4":2,"5":2},"f":{"0":0},"b":{}}
,"/home/osama/workspace/case-study-architecture/src/lib/index.ts": {"path":"/home/osama/workspace/case-study-architecture/src/lib/index.ts","statementMap":{"0":{"start":{"line":1,"column":0},"end":{"line":1,"column":34}},"1":{"start":{"line":2,"column":0},"end":{"line":2,"column":24}}},"fnMap":{},"branchMap":{},"s":{"0":2,"1":2},"f":{},"b":{}}
,"/home/osama/workspace/case-study-architecture/src/lib/types.ts": {"path":"/home/osama/workspace/case-study-architecture/src/lib/types.ts","statementMap":{"0":{"start":{"line":1,"column":13},"end":{"line":13,"column":2}}},"fnMap":{},"branchMap":{},"s":{"0":2},"f":{},"b":{}}
,"/home/osama/workspace/case-study-architecture/src/middlewares/index.ts": {"path":"/home/osama/workspace/case-study-architecture/src/middlewares/index.ts","statementMap":{"0":{"start":{"line":1,"column":0},"end":{"line":1,"column":38}}},"fnMap":{},"branchMap":{},"s":{"0":1},"f":{},"b":{}}
,"/home/osama/workspace/case-study-architecture/src/middlewares/jwt-auth-middleware.ts": {"path":"/home/osama/workspace/case-study-architecture/src/middlewares/jwt-auth-middleware.ts","statementMap":{"0":{"start":{"line":2,"column":0},"end":{"line":2,"column":47}},"1":{"start":{"line":3,"column":0},"end":{"line":3,"column":57}},"2":{"start":{"line":6,"column":0},"end":{"line":6,"column":31}},"3":{"start":{"line":10,"column":0},"end":{"line":41,"column":null}},"4":{"start":{"line":13,"column":8},"end":{"line":13,"column":16}},"5":{"start":{"line":12,"column":59},"end":{"line":12,"column":81}},"6":{"start":{"line":17,"column":27},"end":{"line":17,"column":52}},"7":{"start":{"line":19,"column":8},"end":{"line":22,"column":null}},"8":{"start":{"line":20,"column":12},"end":{"line":20,"column":62}},"9":{"start":{"line":21,"column":12},"end":{"line":21,"column":19}},"10":{"start":{"line":24,"column":22},"end":{"line":24,"column":63}},"11":{"start":{"line":26,"column":8},"end":{"line":39,"column":null}},"12":{"start":{"line":27,"column":28},"end":{"line":27,"column":69}},"13":{"start":{"line":28,"column":27},"end":{"line":28,"column":79}},"14":{"start":{"line":30,"column":12},"end":{"line":33,"column":null}},"15":{"start":{"line":31,"column":16},"end":{"line":31,"column":66}},"16":{"start":{"line":32,"column":16},"end":{"line":32,"column":23}},"17":{"start":{"line":35,"column":12},"end":{"line":35,"column":39}},"18":{"start":{"line":36,"column":12},"end":{"line":36,"column":19}},"19":{"start":{"line":38,"column":12},"end":{"line":38,"column":62}},"20":{"start":{"line":11,"column":13},"end":{"line":41,"column":null}},"21":{"start":{"line":11,"column":13},"end":{"line":11,"column":30}}},"fnMap":{"0":{"name":"(anonymous_4)","decl":{"start":{"line":12,"column":4},"end":{"line":12,"column":17}},"loc":{"start":{"line":12,"column":81},"end":{"line":14,"column":5}}},"1":{"name":"(anonymous_5)","decl":{"start":{"line":16,"column":4},"end":{"line":16,"column":11}},"loc":{"start":{"line":16,"column":92},"end":{"line":40,"column":5}}}},"branchMap":{"0":{"loc":{"start":{"line":19,"column":8},"end":{"line":22,"column":null}},"type":"if","locations":[{"start":{"line":19,"column":8},"end":{"line":22,"column":null}}]},"1":{"loc":{"start":{"line":19,"column":12},"end":{"line":19,"column":60}},"type":"binary-expr","locations":[{"start":{"line":19,"column":12},"end":{"line":19,"column":23}},{"start":{"line":19,"column":27},"end":{"line":19,"column":60}}]},"2":{"loc":{"start":{"line":28,"column":27},"end":{"line":28,"column":79}},"type":"cond-expr","locations":[{"start":{"line":28,"column":57},"end":{"line":28,"column":66}},{"start":{"line":28,"column":69},"end":{"line":28,"column":79}}]},"3":{"loc":{"start":{"line":30,"column":12},"end":{"line":33,"column":null}},"type":"if","locations":[{"start":{"line":30,"column":12},"end":{"line":33,"column":null}}]},"4":{"loc":{"start":{"line":30,"column":16},"end":{"line":30,"column":53}},"type":"binary-expr","locations":[{"start":{"line":30,"column":16},"end":{"line":30,"column":23}},{"start":{"line":30,"column":27},"end":{"line":30,"column":53}}]}},"s":{"0":1,"1":1,"2":1,"3":1,"4":7,"5":7,"6":5,"7":5,"8":1,"9":1,"10":4,"11":4,"12":4,"13":4,"14":4,"15":0,"16":0,"17":4,"18":4,"19":0,"20":1,"21":1},"f":{"0":7,"1":5},"b":{"0":[1],"1":[5,4],"2":[0,4],"3":[0],"4":[4,4]}}
,"/home/osama/workspace/case-study-architecture/src/repositories/index.ts": {"path":"/home/osama/workspace/case-study-architecture/src/repositories/index.ts","statementMap":{"0":{"start":{"line":1,"column":0},"end":{"line":1,"column":34}}},"fnMap":{},"branchMap":{},"s":{"0":1},"f":{},"b":{}}
,"/home/osama/workspace/case-study-architecture/src/repositories/user-repository.ts": {"path":"/home/osama/workspace/case-study-architecture/src/repositories/user-repository.ts","statementMap":{"0":{"start":{"line":2,"column":0},"end":{"line":2,"column":35}},"1":{"start":{"line":3,"column":0},"end":{"line":3,"column":49}},"2":{"start":{"line":5,"column":19},"end":{"line":5,"column":34}},"3":{"start":{"line":10,"column":27},"end":{"line":10,"column":57}},"4":{"start":{"line":11,"column":13},"end":{"line":31,"column":null}},"5":{"start":{"line":13,"column":8},"end":{"line":13,"column":48}},"6":{"start":{"line":17,"column":8},"end":{"line":17,"column":41}},"7":{"start":{"line":21,"column":8},"end":{"line":21,"column":38}},"8":{"start":{"line":25,"column":8},"end":{"line":25,"column":62}},"9":{"start":{"line":29,"column":8},"end":{"line":29,"column":76}}},"fnMap":{"0":{"name":"(anonymous_0)","decl":{"start":{"line":12,"column":4},"end":{"line":12,"column":15}},"loc":{"start":{"line":12,"column":36},"end":{"line":14,"column":5}}},"1":{"name":"(anonymous_1)","decl":{"start":{"line":16,"column":4},"end":{"line":16,"column":15}},"loc":{"start":{"line":16,"column":36},"end":{"line":18,"column":5}}},"2":{"name":"(anonymous_2)","decl":{"start":{"line":20,"column":4},"end":{"line":20,"column":12}},"loc":{"start":{"line":20,"column":27},"end":{"line":22,"column":5}}},"3":{"name":"(anonymous_3)","decl":{"start":{"line":24,"column":4},"end":{"line":24,"column":10}},"loc":{"start":{"line":24,"column":34},"end":{"line":26,"column":5}}},"4":{"name":"(anonymous_4)","decl":{"start":{"line":28,"column":4},"end":{"line":28,"column":10}},"loc":{"start":{"line":28,"column":50},"end":{"line":30,"column":5}}}},"branchMap":{},"s":{"0":1,"1":1,"2":1,"3":1,"4":1,"5":8,"6":5,"7":2,"8":7,"9":0},"f":{"0":8,"1":5,"2":2,"3":7,"4":0},"b":{}}
,"/home/osama/workspace/case-study-architecture/src/services/index.ts": {"path":"/home/osama/workspace/case-study-architecture/src/services/index.ts","statementMap":{"0":{"start":{"line":2,"column":0},"end":{"line":2,"column":31}},"1":{"start":{"line":3,"column":0},"end":{"line":3,"column":43}},"2":{"start":{"line":4,"column":0},"end":{"line":4,"column":29}}},"fnMap":{},"branchMap":{},"s":{"0":1,"1":1,"2":1},"f":{},"b":{}}
,"/home/osama/workspace/case-study-architecture/src/services/jwt-service.ts": {"path":"/home/osama/workspace/case-study-architecture/src/services/jwt-service.ts","statementMap":{"0":{"start":{"line":1,"column":0},"end":{"line":1,"column":39}},"1":{"start":{"line":2,"column":0},"end":{"line":2,"column":null}},"2":{"start":{"line":16,"column":0},"end":{"line":44,"column":null}},"3":{"start":{"line":22,"column":23},"end":{"line":22,"column":45}},"4":{"start":{"line":23,"column":8},"end":{"line":25,"column":null}},"5":{"start":{"line":24,"column":12},"end":{"line":24,"column":53}},"6":{"start":{"line":27,"column":8},"end":{"line":27,"column":29}},"7":{"start":{"line":28,"column":8},"end":{"line":28,"column":52}},"8":{"start":{"line":32,"column":25},"end":{"line":32,"column":55}},"9":{"start":{"line":34,"column":8},"end":{"line":36,"column":null}},"10":{"start":{"line":35,"column":12},"end":{"line":35,"column":66}},"11":{"start":{"line":38,"column":8},"end":{"line":38,"column":58}},"12":{"start":{"line":42,"column":8},"end":{"line":42,"column":59}},"13":{"start":{"line":17,"column":13},"end":{"line":44,"column":null}},"14":{"start":{"line":17,"column":13},"end":{"line":17,"column":27}}},"fnMap":{"0":{"name":"(anonymous_2)","decl":{"start":{"line":21,"column":4},"end":{"line":21,"column":null}},"loc":{"start":{"line":21,"column":4},"end":{"line":29,"column":5}}},"1":{"name":"(anonymous_3)","decl":{"start":{"line":31,"column":4},"end":{"line":31,"column":8}},"loc":{"start":{"line":31,"column":69},"end":{"line":39,"column":5}}},"2":{"name":"(anonymous_4)","decl":{"start":{"line":41,"column":4},"end":{"line":41,"column":10}},"loc":{"start":{"line":41,"column":93},"end":{"line":43,"column":5}}}},"branchMap":{"0":{"loc":{"start":{"line":23,"column":8},"end":{"line":25,"column":null}},"type":"if","locations":[{"start":{"line":23,"column":8},"end":{"line":25,"column":null}}]},"1":{"loc":{"start":{"line":31,"column":44},"end":{"line":31,"column":69}},"type":"default-arg","locations":[{"start":{"line":31,"column":67},"end":{"line":31,"column":69}}]},"2":{"loc":{"start":{"line":34,"column":8},"end":{"line":36,"column":null}},"type":"if","locations":[{"start":{"line":34,"column":8},"end":{"line":36,"column":null}}]},"3":{"loc":{"start":{"line":34,"column":12},"end":{"line":34,"column":65}},"type":"binary-expr","locations":[{"start":{"line":34,"column":12},"end":{"line":34,"column":26}},{"start":{"line":34,"column":30},"end":{"line":34,"column":65}}]}},"s":{"0":1,"1":1,"2":1,"3":30,"4":30,"5":0,"6":30,"7":30,"8":5,"9":5,"10":5,"11":5,"12":4,"13":1,"14":1},"f":{"0":30,"1":5,"2":4},"b":{"0":[0],"1":[5],"2":[5],"3":[5,5]}}
,"/home/osama/workspace/case-study-architecture/src/services/password-manager-service.ts": {"path":"/home/osama/workspace/case-study-architecture/src/services/password-manager-service.ts","statementMap":{"0":{"start":{"line":1,"column":0},"end":{"line":1,"column":50}},"1":{"start":{"line":2,"column":0},"end":{"line":2,"column":38}},"2":{"start":{"line":3,"column":0},"end":{"line":3,"column":39}},"3":{"start":{"line":10,"column":20},"end":{"line":10,"column":37}},"4":{"start":{"line":17,"column":0},"end":{"line":32,"column":null}},"5":{"start":{"line":19,"column":21},"end":{"line":19,"column":52}},"6":{"start":{"line":20,"column":28},"end":{"line":20,"column":65}},"7":{"start":{"line":22,"column":8},"end":{"line":22,"column":55}},"8":{"start":{"line":26,"column":48},"end":{"line":26,"column":73}},"9":{"start":{"line":28,"column":27},"end":{"line":28,"column":84}},"10":{"start":{"line":30,"column":8},"end":{"line":30,"column":70}},"11":{"start":{"line":17,"column":13},"end":{"line":32,"column":null}},"12":{"start":{"line":17,"column":13},"end":{"line":17,"column":39}}},"fnMap":{"0":{"name":"(anonymous_1)","decl":{"start":{"line":18,"column":4},"end":{"line":18,"column":9}},"loc":{"start":{"line":18,"column":33},"end":{"line":23,"column":5}}},"1":{"name":"(anonymous_2)","decl":{"start":{"line":25,"column":4},"end":{"line":25,"column":9}},"loc":{"start":{"line":25,"column":66},"end":{"line":31,"column":5}}}},"branchMap":{},"s":{"0":2,"1":2,"2":2,"3":2,"4":2,"5":8,"6":8,"7":8,"8":6,"9":6,"10":6,"11":2,"12":2},"f":{"0":8,"1":6},"b":{}}
,"/home/osama/workspace/case-study-architecture/src/services/user-service.ts": {"path":"/home/osama/workspace/case-study-architecture/src/services/user-service.ts","statementMap":{"0":{"start":{"line":1,"column":0},"end":{"line":1,"column":47}},"1":{"start":{"line":3,"column":0},"end":{"line":3,"column":31}},"2":{"start":{"line":9,"column":0},"end":{"line":9,"column":55}},"3":{"start":{"line":20,"column":0},"end":{"line":82,"column":null}},"4":{"start":{"line":23,"column":63},"end":{"line":23,"column":109}},"5":{"start":{"line":24,"column":55},"end":{"line":24,"column":85}},"6":{"start":{"line":25,"column":51},"end":{"line":25,"column":73}},"7":{"start":{"line":29,"column":26},"end":{"line":29,"column":34}},"8":{"start":{"line":31,"column":27},"end":{"line":31,"column":71}},"9":{"start":{"line":32,"column":8},"end":{"line":34,"column":null}},"10":{"start":{"line":33,"column":12},"end":{"line":33,"column":58}},"11":{"start":{"line":36,"column":8},"end":{"line":36,"column":88}},"12":{"start":{"line":38,"column":8},"end":{"line":38,"column":52}},"13":{"start":{"line":42,"column":21},"end":{"line":42,"column":65}},"14":{"start":{"line":44,"column":8},"end":{"line":46,"column":null}},"15":{"start":{"line":45,"column":12},"end":{"line":45,"column":69}},"16":{"start":{"line":48,"column":30},"end":{"line":48,"column":96}},"17":{"start":{"line":50,"column":8},"end":{"line":52,"column":null}},"18":{"start":{"line":51,"column":12},"end":{"line":51,"column":69}},"19":{"start":{"line":54,"column":8},"end":{"line":54,"column":53}},"20":{"start":{"line":58,"column":21},"end":{"line":58,"column":63}},"21":{"start":{"line":60,"column":8},"end":{"line":62,"column":null}},"22":{"start":{"line":61,"column":12},"end":{"line":61,"column":54}},"23":{"start":{"line":64,"column":8},"end":{"line":64,"column":20}},"24":{"start":{"line":68,"column":21},"end":{"line":68,"column":63}},"25":{"start":{"line":70,"column":8},"end":{"line":72,"column":null}},"26":{"start":{"line":71,"column":12},"end":{"line":71,"column":54}},"27":{"start":{"line":74,"column":8},"end":{"line":74,"column":null}},"28":{"start":{"line":76,"column":8},"end":{"line":76,"column":46}},"29":{"start":{"line":80,"column":8},"end":{"line":80,"column":52}},"30":{"start":{"line":21,"column":13},"end":{"line":82,"column":null}},"31":{"start":{"line":21,"column":13},"end":{"line":21,"column":28}}},"fnMap":{"0":{"name":"(anonymous_4)","decl":{"start":{"line":22,"column":4},"end":{"line":22,"column":null}},"loc":{"start":{"line":25,"column":73},"end":{"line":26,"column":8}}},"1":{"name":"(anonymous_5)","decl":{"start":{"line":28,"column":4},"end":{"line":28,"column":9}},"loc":{"start":{"line":28,"column":44},"end":{"line":39,"column":5}}},"2":{"name":"(anonymous_6)","decl":{"start":{"line":41,"column":4},"end":{"line":41,"column":9}},"loc":{"start":{"line":41,"column":71},"end":{"line":55,"column":5}}},"3":{"name":"(anonymous_7)","decl":{"start":{"line":57,"column":4},"end":{"line":57,"column":9}},"loc":{"start":{"line":57,"column":35},"end":{"line":65,"column":5}}},"4":{"name":"(anonymous_8)","decl":{"start":{"line":67,"column":4},"end":{"line":67,"column":9}},"loc":{"start":{"line":67,"column":62},"end":{"line":77,"column":5}}},"5":{"name":"(anonymous_9)","decl":{"start":{"line":79,"column":4},"end":{"line":79,"column":11}},"loc":{"start":{"line":79,"column":26},"end":{"line":81,"column":5}}}},"branchMap":{"0":{"loc":{"start":{"line":32,"column":8},"end":{"line":34,"column":null}},"type":"if","locations":[{"start":{"line":32,"column":8},"end":{"line":34,"column":null}}]},"1":{"loc":{"start":{"line":44,"column":8},"end":{"line":46,"column":null}},"type":"if","locations":[{"start":{"line":44,"column":8},"end":{"line":46,"column":null}}]},"2":{"loc":{"start":{"line":50,"column":8},"end":{"line":52,"column":null}},"type":"if","locations":[{"start":{"line":50,"column":8},"end":{"line":52,"column":null}}]},"3":{"loc":{"start":{"line":60,"column":8},"end":{"line":62,"column":null}},"type":"if","locations":[{"start":{"line":60,"column":8},"end":{"line":62,"column":null}}]},"4":{"loc":{"start":{"line":70,"column":8},"end":{"line":72,"column":null}},"type":"if","locations":[{"start":{"line":70,"column":8},"end":{"line":72,"column":null}}]}},"s":{"0":2,"1":2,"2":2,"3":2,"4":32,"5":32,"6":32,"7":10,"8":10,"9":10,"10":2,"11":8,"12":8,"13":8,"14":8,"15":1,"16":7,"17":7,"18":1,"19":6,"20":3,"21":3,"22":1,"23":2,"24":3,"25":3,"26":1,"27":2,"28":2,"29":0,"30":2,"31":2},"f":{"0":32,"1":10,"2":8,"3":3,"4":3,"5":0},"b":{"0":[2],"1":[1],"2":[1],"3":[1],"4":[1]}}
}
