TN:
SF:src/typeormconfig.ts
FN:8,(anonymous_6)
FNF:1
FNH:1
FNDA:16,(anonymous_6)
DA:3,1
DA:4,1
DA:6,1
DA:8,1
DA:9,16
DA:10,1
DA:19,16
LF:7
LH:7
BRDA:9,0,0,1
BRF:1
BRH:1
end_of_record
TN:
SF:src/controllers/user-controller.ts
FN:88,(anonymous_4)
FN:96,(anonymous_5)
FN:108,(anonymous_6)
FN:123,(anonymous_7)
FN:130,(anonymous_8)
FNF:5
FNH:5
FNDA:23,(anonymous_4)
FNDA:11,(anonymous_5)
FNDA:7,(anonymous_6)
FNDA:1,(anonymous_7)
FNDA:3,(anonymous_8)
DA:3,1
DA:4,1
DA:5,1
DA:6,1
DA:16,1
DA:17,1
DA:20,1
DA:22,1
DA:26,1
DA:35,1
DA:40,1
DA:45,1
DA:48,1
DA:52,1
DA:57,1
DA:60,1
DA:64,1
DA:69,1
DA:72,1
DA:74,1
DA:76,1
DA:78,1
DA:81,1
DA:83,1
DA:86,1
DA:87,1
DA:89,23
DA:91,23
DA:96,1
DA:97,11
DA:98,11
DA:99,11
DA:100,3
DA:103,8
DA:108,1
DA:109,7
DA:110,7
DA:111,7
DA:112,2
DA:115,5
DA:117,5
DA:123,1
DA:124,1
DA:130,1
DA:131,3
DA:132,3
DA:133,3
DA:134,2
DA:137,1
LF:49
LH:49
BRDA:99,0,0,3
BRDA:111,1,0,2
BRDA:133,2,0,2
BRF:3
BRH:3
end_of_record
TN:
SF:src/decorators/map-dto-decorator.ts
FN:4,(anonymous_0)
FN:5,(anonymous_1)
FN:9,(anonymous_2)
FNF:3
FNH:3
FNDA:4,(anonymous_0)
FNDA:4,(anonymous_1)
FNDA:22,(anonymous_2)
DA:1,1
DA:4,1
DA:5,4
DA:6,4
DA:8,4
DA:10,22
DA:12,14
DA:16,4
LF:8
LH:8
BRF:0
BRH:0
end_of_record
TN:
SF:src/entities/base-entity.ts
FNF:0
FNH:0
DA:1,2
DA:3,2
DA:5,2
LF:3
LH:3
BRF:0
BRH:0
end_of_record
TN:
SF:src/entities/created-at-mixin.ts
FN:8,CreatedAtMixin
FNF:1
FNH:1
FNDA:3,CreatedAtMixin
DA:5,3
DA:8,3
DA:11,3
DA:14,3
LF:4
LH:4
BRF:0
BRH:0
end_of_record
TN:
SF:src/entities/index.ts
FNF:0
FNH:0
DA:1,1
LF:1
LH:1
BRF:0
BRH:0
end_of_record
TN:
SF:src/entities/timestamps-mixin.ts
FN:8,TimestampsMixin
FNF:1
FNH:1
FNDA:2,TimestampsMixin
DA:5,2
DA:6,2
DA:8,2
DA:12,2
LF:4
LH:4
BRF:0
BRH:0
end_of_record
TN:
SF:src/entities/updated-at-mixin.ts
FN:7,UpdatedAtMixin
FNF:1
FNH:1
FNDA:3,UpdatedAtMixin
DA:5,3
DA:7,3
DA:10,3
DA:13,3
LF:4
LH:4
BRF:0
BRH:0
end_of_record
TN:
SF:src/entities/user.ts
FN:26,(anonymous_2)
FNF:1
FNH:1
FNDA:12,(anonymous_2)
DA:1,2
DA:3,2
DA:4,2
DA:9,2
DA:12,2
DA:15,2
DA:18,2
DA:21,2
DA:26,2
DA:27,12
LF:10
LH:10
BRF:0
BRH:0
end_of_record
TN:
SF:src/errors/base-error.ts
FN:4,(anonymous_0)
FN:12,(anonymous_1)
FN:14,(anonymous_2)
FNF:3
FNH:3
FNDA:13,(anonymous_0)
FNDA:8,(anonymous_1)
FNDA:8,(anonymous_2)
DA:3,2
DA:5,13
DA:7,13
DA:11,2
DA:12,8
DA:14,2
DA:15,8
DA:16,8
DA:17,8
DA:20,0
DA:24,0
LF:11
LH:9
BRDA:4,0,0,0
BRDA:15,1,0,8
BRDA:15,2,0,8
BRDA:15,2,1,0
BRF:4
BRH:2
end_of_record
TN:
SF:src/errors/client-error.ts
FN:5,(anonymous_0)
FN:13,(anonymous_1)
FN:15,(anonymous_2)
FNF:3
FNH:3
FNDA:13,(anonymous_0)
FNDA:8,(anonymous_1)
FNDA:8,(anonymous_2)
DA:2,2
DA:4,2
DA:6,13
DA:8,13
DA:12,2
DA:13,8
DA:15,2
DA:16,8
DA:17,7
DA:18,7
DA:21,1
DA:25,1
LF:12
LH:12
BRDA:5,0,0,0
BRDA:16,1,0,7
BRDA:16,2,0,8
BRDA:16,2,1,1
BRF:4
BRH:3
end_of_record
TN:
SF:src/errors/index.ts
FNF:0
FNH:0
DA:1,2
DA:2,2
DA:3,2
DA:4,2
DA:5,2
DA:7,2
DA:8,2
DA:9,2
DA:10,2
DA:11,2
DA:14,2
LF:11
LH:11
BRF:0
BRH:0
end_of_record
TN:
SF:src/errors/not-found-error.ts
FN:6,(anonymous_0)
FN:14,(anonymous_1)
FN:16,(anonymous_2)
FNF:3
FNH:3
FNDA:2,(anonymous_0)
FNDA:8,(anonymous_1)
FNDA:8,(anonymous_2)
DA:3,2
DA:5,2
DA:7,2
DA:9,2
DA:13,2
DA:14,8
DA:16,2
DA:17,8
DA:18,8
DA:19,8
DA:22,0
DA:26,0
LF:12
LH:10
BRDA:6,0,0,0
BRDA:14,1,0,0
BRDA:14,1,1,8
BRDA:14,2,0,8
BRDA:14,2,1,8
BRDA:17,3,0,8
BRDA:17,4,0,8
BRDA:17,4,1,0
BRF:8
BRH:5
end_of_record
TN:
SF:src/errors/unauthorized-error.ts
FN:6,(anonymous_0)
FN:14,(anonymous_1)
FN:16,(anonymous_2)
FNF:3
FNH:2
FNDA:0,(anonymous_0)
FNDA:8,(anonymous_1)
FNDA:8,(anonymous_2)
DA:3,2
DA:5,2
DA:7,0
DA:9,0
DA:13,2
DA:14,8
DA:16,2
DA:17,8
DA:18,8
DA:19,8
DA:22,0
DA:26,0
LF:12
LH:8
BRDA:6,0,0,0
BRDA:17,1,0,8
BRDA:17,2,0,8
BRDA:17,2,1,0
BRF:4
BRH:2
end_of_record
TN:
SF:src/errors/validation-failure-error.ts
FN:7,(anonymous_0)
FN:15,(anonymous_1)
FN:17,(anonymous_2)
FNF:3
FNH:3
FNDA:7,(anonymous_0)
FNDA:8,(anonymous_1)
FNDA:8,(anonymous_2)
DA:4,2
DA:6,2
DA:7,7
DA:8,7
DA:10,7
DA:14,2
DA:15,8
DA:17,2
DA:18,8
DA:19,1
DA:20,1
DA:23,7
DA:25,7
DA:26,8
DA:27,8
DA:28,8
DA:32,7
DA:37,7
LF:18
LH:18
BRDA:15,0,0,0
BRDA:15,0,1,8
BRDA:15,1,0,8
BRDA:15,1,1,8
BRDA:18,2,0,1
BRDA:18,3,0,8
BRDA:18,3,1,7
BRDA:26,4,0,0
BRDA:26,4,1,8
BRDA:26,5,0,8
BRDA:26,5,1,8
BRDA:27,6,0,8
BRDA:27,6,1,0
BRDA:27,7,0,8
BRDA:27,7,1,8
BRF:15
BRH:12
end_of_record
TN:
SF:src/lib/base-controller.ts
FN:11,(anonymous_2)
FNF:1
FNH:0
FNDA:0,(anonymous_2)
DA:1,2
DA:8,2
DA:11,2
DA:14,0
LF:4
LH:3
BRF:0
BRH:0
end_of_record
TN:
SF:src/lib/index.ts
FNF:0
FNH:0
DA:1,2
DA:2,2
LF:2
LH:2
BRF:0
BRH:0
end_of_record
TN:
SF:src/lib/types.ts
FNF:0
FNH:0
DA:1,2
LF:1
LH:1
BRF:0
BRH:0
end_of_record
TN:
SF:src/middlewares/index.ts
FNF:0
FNH:0
DA:1,1
LF:1
LH:1
BRF:0
BRH:0
end_of_record
TN:
SF:src/middlewares/jwt-auth-middleware.ts
FN:12,(anonymous_4)
FN:16,(anonymous_5)
FNF:2
FNH:2
FNDA:7,(anonymous_4)
FNDA:5,(anonymous_5)
DA:2,1
DA:3,1
DA:6,1
DA:10,1
DA:11,1
DA:12,7
DA:13,7
DA:17,5
DA:19,5
DA:20,1
DA:21,1
DA:24,4
DA:26,4
DA:27,4
DA:28,4
DA:30,4
DA:31,0
DA:32,0
DA:35,4
DA:36,4
DA:38,0
LF:21
LH:18
BRDA:19,0,0,1
BRDA:19,1,0,5
BRDA:19,1,1,4
BRDA:28,2,0,0
BRDA:28,2,1,4
BRDA:30,3,0,0
BRDA:30,4,0,4
BRDA:30,4,1,4
BRF:8
BRH:6
end_of_record
TN:
SF:src/repositories/index.ts
FNF:0
FNH:0
DA:1,1
LF:1
LH:1
BRF:0
BRH:0
end_of_record
TN:
SF:src/repositories/user-repository.ts
FN:12,(anonymous_0)
FN:16,(anonymous_1)
FN:20,(anonymous_2)
FN:24,(anonymous_3)
FN:28,(anonymous_4)
FNF:5
FNH:4
FNDA:8,(anonymous_0)
FNDA:5,(anonymous_1)
FNDA:2,(anonymous_2)
FNDA:7,(anonymous_3)
FNDA:0,(anonymous_4)
DA:2,1
DA:3,1
DA:5,1
DA:10,1
DA:11,1
DA:13,8
DA:17,5
DA:21,2
DA:25,7
DA:29,0
LF:10
LH:9
BRF:0
BRH:0
end_of_record
TN:
SF:src/services/index.ts
FNF:0
FNH:0
DA:2,1
DA:3,1
DA:4,1
LF:3
LH:3
BRF:0
BRH:0
end_of_record
TN:
SF:src/services/jwt-service.ts
FN:21,(anonymous_2)
FN:31,(anonymous_3)
FN:41,(anonymous_4)
FNF:3
FNH:3
FNDA:30,(anonymous_2)
FNDA:5,(anonymous_3)
FNDA:4,(anonymous_4)
DA:1,1
DA:2,1
DA:16,1
DA:17,1
DA:22,30
DA:23,30
DA:24,0
DA:27,30
DA:28,30
DA:32,5
DA:34,5
DA:35,5
DA:38,5
DA:42,4
LF:14
LH:13
BRDA:23,0,0,0
BRDA:31,1,0,5
BRDA:34,2,0,5
BRDA:34,3,0,5
BRDA:34,3,1,5
BRF:5
BRH:4
end_of_record
TN:
SF:src/services/password-manager-service.ts
FN:18,(anonymous_1)
FN:25,(anonymous_2)
FNF:2
FNH:2
FNDA:8,(anonymous_1)
FNDA:6,(anonymous_2)
DA:1,2
DA:2,2
DA:3,2
DA:10,2
DA:17,2
DA:19,8
DA:20,8
DA:22,8
DA:26,6
DA:28,6
DA:30,6
LF:11
LH:11
BRF:0
BRH:0
end_of_record
TN:
SF:src/services/user-service.ts
FN:22,(anonymous_4)
FN:28,(anonymous_5)
FN:41,(anonymous_6)
FN:57,(anonymous_7)
FN:67,(anonymous_8)
FN:79,(anonymous_9)
FNF:6
FNH:5
FNDA:32,(anonymous_4)
FNDA:10,(anonymous_5)
FNDA:8,(anonymous_6)
FNDA:3,(anonymous_7)
FNDA:3,(anonymous_8)
FNDA:0,(anonymous_9)
DA:1,2
DA:3,2
DA:9,2
DA:20,2
DA:21,2
DA:23,32
DA:24,32
DA:25,32
DA:29,10
DA:31,10
DA:32,10
DA:33,2
DA:36,8
DA:38,8
DA:42,8
DA:44,8
DA:45,1
DA:48,7
DA:50,7
DA:51,1
DA:54,6
DA:58,3
DA:60,3
DA:61,1
DA:64,2
DA:68,3
DA:70,3
DA:71,1
DA:74,2
DA:76,2
DA:80,0
LF:31
LH:30
BRDA:32,0,0,2
BRDA:44,1,0,1
BRDA:50,2,0,1
BRDA:60,3,0,1
BRDA:70,4,0,1
BRF:5
BRH:5
end_of_record
